{"C:\\Users\\user\\Downloads\\Carbon Footprint Awareness\\backend\\server.js": {"path":"C:\\Users\\user\\Downloads\\Carbon Footprint Awareness\\backend\\server.js","statementMap":{"0":{"start":{"line":1,"column":0},"end":{"line":1,"column":27}},"1":{"start":{"line":2,"column":16},"end":{"line":2,"column":34}},"2":{"start":{"line":3,"column":13},"end":{"line":3,"column":28}},"3":{"start":{"line":4,"column":19},"end":{"line":4,"column":41}},"4":{"start":{"line":5,"column":13},"end":{"line":5,"column":28}},"5":{"start":{"line":6,"column":15},"end":{"line":6,"column":32}},"6":{"start":{"line":7,"column":18},"end":{"line":7,"column":47}},"7":{"start":{"line":8,"column":15},"end":{"line":8,"column":32}},"8":{"start":{"line":9,"column":20},"end":{"line":9,"column":42}},"9":{"start":{"line":10,"column":12},"end":{"line":10,"column":26}},"10":{"start":{"line":12,"column":0},"end":{"line":15,"column":1}},"11":{"start":{"line":13,"column":4},"end":{"line":13,"column":90}},"12":{"start":{"line":14,"column":4},"end":{"line":14,"column":20}},"13":{"start":{"line":18,"column":19},"end":{"line":18,"column":49}},"14":{"start":{"line":19,"column":25},"end":{"line":19,"column":61}},"15":{"start":{"line":20,"column":24},"end":{"line":20,"column":59}},"16":{"start":{"line":21,"column":26},"end":{"line":21,"column":63}},"17":{"start":{"line":22,"column":17},"end":{"line":22,"column":45}},"18":{"start":{"line":23,"column":20},"end":{"line":23,"column":51}},"19":{"start":{"line":25,"column":12},"end":{"line":25,"column":21}},"20":{"start":{"line":26,"column":13},"end":{"line":26,"column":37}},"21":{"start":{"line":29,"column":0},"end":{"line":29,"column":23}},"22":{"start":{"line":32,"column":0},"end":{"line":43,"column":4}},"23":{"start":{"line":46,"column":0},"end":{"line":46,"column":23}},"24":{"start":{"line":49,"column":16},"end":{"line":53,"column":2}},"25":{"start":{"line":54,"column":0},"end":{"line":54,"column":17}},"26":{"start":{"line":57,"column":20},"end":{"line":61,"column":2}},"27":{"start":{"line":62,"column":0},"end":{"line":62,"column":40}},"28":{"start":{"line":63,"column":0},"end":{"line":63,"column":43}},"29":{"start":{"line":66,"column":0},"end":{"line":70,"column":4}},"30":{"start":{"line":72,"column":0},"end":{"line":72,"column":27}},"31":{"start":{"line":75,"column":0},"end":{"line":75,"column":15}},"32":{"start":{"line":78,"column":22},"end":{"line":93,"column":1}},"33":{"start":{"line":79,"column":4},"end":{"line":81,"column":5}},"34":{"start":{"line":80,"column":8},"end":{"line":80,"column":50}},"35":{"start":{"line":82,"column":4},"end":{"line":84,"column":5}},"36":{"start":{"line":83,"column":8},"end":{"line":83,"column":38}},"37":{"start":{"line":85,"column":4},"end":{"line":91,"column":5}},"38":{"start":{"line":86,"column":26},"end":{"line":86,"column":28}},"39":{"start":{"line":87,"column":8},"end":{"line":89,"column":9}},"40":{"start":{"line":88,"column":12},"end":{"line":88,"column":50}},"41":{"start":{"line":90,"column":8},"end":{"line":90,"column":25}},"42":{"start":{"line":92,"column":4},"end":{"line":92,"column":15}},"43":{"start":{"line":95,"column":0},"end":{"line":100,"column":3}},"44":{"start":{"line":96,"column":4},"end":{"line":96,"column":39}},"45":{"start":{"line":97,"column":4},"end":{"line":97,"column":41}},"46":{"start":{"line":98,"column":4},"end":{"line":98,"column":43}},"47":{"start":{"line":99,"column":4},"end":{"line":99,"column":11}},"48":{"start":{"line":104,"column":0},"end":{"line":104,"column":73}},"49":{"start":{"line":105,"column":0},"end":{"line":105,"column":71}},"50":{"start":{"line":106,"column":0},"end":{"line":106,"column":79}},"51":{"start":{"line":109,"column":0},"end":{"line":109,"column":61}},"52":{"start":{"line":112,"column":0},"end":{"line":112,"column":33}},"53":{"start":{"line":113,"column":0},"end":{"line":113,"column":45}},"54":{"start":{"line":114,"column":0},"end":{"line":114,"column":44}},"55":{"start":{"line":115,"column":0},"end":{"line":115,"column":47}},"56":{"start":{"line":116,"column":0},"end":{"line":116,"column":29}},"57":{"start":{"line":117,"column":0},"end":{"line":117,"column":35}},"58":{"start":{"line":120,"column":0},"end":{"line":122,"column":3}},"59":{"start":{"line":121,"column":4},"end":{"line":121,"column":65}},"60":{"start":{"line":123,"column":0},"end":{"line":125,"column":3}},"61":{"start":{"line":124,"column":4},"end":{"line":124,"column":69}},"62":{"start":{"line":126,"column":0},"end":{"line":128,"column":3}},"63":{"start":{"line":127,"column":4},"end":{"line":127,"column":70}},"64":{"start":{"line":129,"column":0},"end":{"line":131,"column":3}},"65":{"start":{"line":130,"column":4},"end":{"line":130,"column":70}},"66":{"start":{"line":132,"column":0},"end":{"line":134,"column":3}},"67":{"start":{"line":133,"column":4},"end":{"line":133,"column":71}},"68":{"start":{"line":135,"column":0},"end":{"line":137,"column":3}},"69":{"start":{"line":136,"column":4},"end":{"line":136,"column":72}},"70":{"start":{"line":138,"column":0},"end":{"line":140,"column":3}},"71":{"start":{"line":139,"column":4},"end":{"line":139,"column":65}},"72":{"start":{"line":143,"column":0},"end":{"line":151,"column":3}},"73":{"start":{"line":144,"column":18},"end":{"line":144,"column":45}},"74":{"start":{"line":145,"column":21},"end":{"line":145,"column":138}},"75":{"start":{"line":147,"column":4},"end":{"line":149,"column":5}},"76":{"start":{"line":148,"column":8},"end":{"line":148,"column":76}},"77":{"start":{"line":150,"column":4},"end":{"line":150,"column":11}},"78":{"start":{"line":154,"column":0},"end":{"line":165,"column":3}},"79":{"start":{"line":155,"column":4},"end":{"line":155,"column":101}},"80":{"start":{"line":156,"column":4},"end":{"line":156,"column":29}},"81":{"start":{"line":158,"column":25},"end":{"line":158,"column":62}},"82":{"start":{"line":159,"column":29},"end":{"line":159,"column":96}},"83":{"start":{"line":161,"column":4},"end":{"line":164,"column":7}},"84":{"start":{"line":167,"column":0},"end":{"line":169,"column":3}},"85":{"start":{"line":168,"column":4},"end":{"line":168,"column":71}},"86":{"start":{"line":171,"column":0},"end":{"line":171,"column":21}}},"fnMap":{"0":{"name":"(anonymous_0)","decl":{"start":{"line":78,"column":22},"end":{"line":78,"column":23}},"loc":{"start":{"line":78,"column":31},"end":{"line":93,"column":1}},"line":78},"1":{"name":"(anonymous_1)","decl":{"start":{"line":95,"column":8},"end":{"line":95,"column":9}},"loc":{"start":{"line":95,"column":28},"end":{"line":100,"column":1}},"line":95},"2":{"name":"(anonymous_2)","decl":{"start":{"line":120,"column":13},"end":{"line":120,"column":14}},"loc":{"start":{"line":120,"column":27},"end":{"line":122,"column":1}},"line":120},"3":{"name":"(anonymous_3)","decl":{"start":{"line":123,"column":27},"end":{"line":123,"column":28}},"loc":{"start":{"line":123,"column":41},"end":{"line":125,"column":1}},"line":123},"4":{"name":"(anonymous_4)","decl":{"start":{"line":126,"column":28},"end":{"line":126,"column":29}},"loc":{"start":{"line":126,"column":42},"end":{"line":128,"column":1}},"line":126},"5":{"name":"(anonymous_5)","decl":{"start":{"line":129,"column":28},"end":{"line":129,"column":29}},"loc":{"start":{"line":129,"column":42},"end":{"line":131,"column":1}},"line":129},"6":{"name":"(anonymous_6)","decl":{"start":{"line":132,"column":29},"end":{"line":132,"column":30}},"loc":{"start":{"line":132,"column":43},"end":{"line":134,"column":1}},"line":132},"7":{"name":"(anonymous_7)","decl":{"start":{"line":135,"column":30},"end":{"line":135,"column":31}},"loc":{"start":{"line":135,"column":44},"end":{"line":137,"column":1}},"line":135},"8":{"name":"(anonymous_8)","decl":{"start":{"line":138,"column":23},"end":{"line":138,"column":24}},"loc":{"start":{"line":138,"column":37},"end":{"line":140,"column":1}},"line":138},"9":{"name":"(anonymous_9)","decl":{"start":{"line":143,"column":8},"end":{"line":143,"column":9}},"loc":{"start":{"line":143,"column":28},"end":{"line":151,"column":1}},"line":143},"10":{"name":"(anonymous_10)","decl":{"start":{"line":154,"column":8},"end":{"line":154,"column":9}},"loc":{"start":{"line":154,"column":33},"end":{"line":165,"column":1}},"line":154},"11":{"name":"(anonymous_11)","decl":{"start":{"line":167,"column":17},"end":{"line":167,"column":18}},"loc":{"start":{"line":167,"column":23},"end":{"line":169,"column":1}},"line":167}},"branchMap":{"0":{"loc":{"start":{"line":12,"column":0},"end":{"line":15,"column":1}},"type":"if","locations":[{"start":{"line":12,"column":0},"end":{"line":15,"column":1}},{"start":{},"end":{}}],"line":12},"1":{"loc":{"start":{"line":12,"column":4},"end":{"line":12,"column":127}},"type":"binary-expr","locations":[{"start":{"line":12,"column":4},"end":{"line":12,"column":35}},{"start":{"line":12,"column":40},"end":{"line":12,"column":63}},{"start":{"line":12,"column":67},"end":{"line":12,"column":126}}],"line":12},"2":{"loc":{"start":{"line":26,"column":13},"end":{"line":26,"column":37}},"type":"binary-expr","locations":[{"start":{"line":26,"column":13},"end":{"line":26,"column":29}},{"start":{"line":26,"column":33},"end":{"line":26,"column":37}}],"line":26},"3":{"loc":{"start":{"line":79,"column":4},"end":{"line":81,"column":5}},"type":"if","locations":[{"start":{"line":79,"column":4},"end":{"line":81,"column":5}},{"start":{},"end":{}}],"line":79},"4":{"loc":{"start":{"line":82,"column":4},"end":{"line":84,"column":5}},"type":"if","locations":[{"start":{"line":82,"column":4},"end":{"line":84,"column":5}},{"start":{},"end":{}}],"line":82},"5":{"loc":{"start":{"line":85,"column":4},"end":{"line":91,"column":5}},"type":"if","locations":[{"start":{"line":85,"column":4},"end":{"line":91,"column":5}},{"start":{},"end":{}}],"line":85},"6":{"loc":{"start":{"line":85,"column":8},"end":{"line":85,"column":47}},"type":"binary-expr","locations":[{"start":{"line":85,"column":8},"end":{"line":85,"column":31}},{"start":{"line":85,"column":35},"end":{"line":85,"column":47}}],"line":85},"7":{"loc":{"start":{"line":145,"column":21},"end":{"line":145,"column":138}},"type":"binary-expr","locations":[{"start":{"line":145,"column":21},"end":{"line":145,"column":48}},{"start":{"line":145,"column":52},"end":{"line":145,"column":78}},{"start":{"line":145,"column":82},"end":{"line":145,"column":112}},{"start":{"line":145,"column":116},"end":{"line":145,"column":138}}],"line":145},"8":{"loc":{"start":{"line":147,"column":4},"end":{"line":149,"column":5}},"type":"if","locations":[{"start":{"line":147,"column":4},"end":{"line":149,"column":5}},{"start":{},"end":{}}],"line":147},"9":{"loc":{"start":{"line":147,"column":8},"end":{"line":147,"column":51}},"type":"binary-expr","locations":[{"start":{"line":147,"column":8},"end":{"line":147,"column":28}},{"start":{"line":147,"column":32},"end":{"line":147,"column":38}},{"start":{"line":147,"column":42},"end":{"line":147,"column":51}}],"line":147},"10":{"loc":{"start":{"line":159,"column":29},"end":{"line":159,"column":96}},"type":"cond-expr","locations":[{"start":{"line":159,"column":44},"end":{"line":159,"column":82}},{"start":{"line":159,"column":85},"end":{"line":159,"column":96}}],"line":159},"11":{"loc":{"start":{"line":161,"column":15},"end":{"line":161,"column":32}},"type":"binary-expr","locations":[{"start":{"line":161,"column":15},"end":{"line":161,"column":25}},{"start":{"line":161,"column":29},"end":{"line":161,"column":32}}],"line":161}},"s":{"0":6,"1":6,"2":6,"3":6,"4":6,"5":6,"6":6,"7":6,"8":6,"9":6,"10":6,"11":0,"12":0,"13":6,"14":6,"15":6,"16":6,"17":6,"18":6,"19":6,"20":6,"21":6,"22":6,"23":6,"24":6,"25":6,"26":6,"27":6,"28":6,"29":6,"30":6,"31":6,"32":6,"33":146,"34":25,"35":121,"36":0,"37":121,"38":94,"39":94,"40":26,"41":94,"42":27,"43":6,"44":40,"45":40,"46":40,"47":40,"48":6,"49":6,"50":6,"51":6,"52":6,"53":6,"54":6,"55":6,"56":6,"57":6,"58":6,"59":0,"60":6,"61":0,"62":6,"63":0,"64":6,"65":0,"66":6,"67":0,"68":6,"69":0,"70":6,"71":0,"72":6,"73":2,"74":2,"75":2,"76":1,"77":1,"78":6,"79":0,"80":0,"81":0,"82":0,"83":0,"84":6,"85":6,"86":6},"f":{"0":146,"1":40,"2":0,"3":0,"4":0,"5":0,"6":0,"7":0,"8":0,"9":2,"10":0,"11":6},"b":{"0":[0,6],"1":[6,0,0],"2":[6,0],"3":[25,121],"4":[0,121],"5":[94,27],"6":[121,94],"7":[2,2,2,2],"8":[1,1],"9":[2,2,1],"10":[0,0],"11":[0,0]},"_coverageSchema":"1a1c01bbd47fc00a2c39e90264f33305004495a9","hash":"d784dd0f4932d460fb18abb1a0503607d62b090a"}
,"C:\\Users\\user\\Downloads\\Carbon Footprint Awareness\\backend\\config\\constants.js": {"path":"C:\\Users\\user\\Downloads\\Carbon Footprint Awareness\\backend\\config\\constants.js","statementMap":{"0":{"start":{"line":1,"column":25},"end":{"line":7,"column":1}},"1":{"start":{"line":9,"column":19},"end":{"line":9,"column":23}},"2":{"start":{"line":10,"column":37},"end":{"line":10,"column":47}},"3":{"start":{"line":11,"column":29},"end":{"line":11,"column":31}},"4":{"start":{"line":13,"column":0},"end":{"line":18,"column":2}}},"fnMap":{},"branchMap":{},"s":{"0":7,"1":7,"2":7,"3":7,"4":7},"f":{},"b":{},"_coverageSchema":"1a1c01bbd47fc00a2c39e90264f33305004495a9","hash":"7d65c78e71209c9804b284c59b781b0a893260bb"}
,"C:\\Users\\user\\Downloads\\Carbon Footprint Awareness\\backend\\controllers\\adminController.js": {"path":"C:\\Users\\user\\Downloads\\Carbon Footprint Awareness\\backend\\controllers\\adminController.js","statementMap":{"0":{"start":{"line":1,"column":13},"end":{"line":1,"column":28}},"1":{"start":{"line":2,"column":23},"end":{"line":2,"column":38}},"2":{"start":{"line":3,"column":32},"end":{"line":3,"column":63}},"3":{"start":{"line":5,"column":22},"end":{"line":5,"column":64}},"4":{"start":{"line":6,"column":27},"end":{"line":6,"column":74}},"5":{"start":{"line":9,"column":17},"end":{"line":12,"column":1}},"6":{"start":{"line":17,"column":34},"end":{"line":20,"column":1}},"7":{"start":{"line":18,"column":4},"end":{"line":18,"column":27}},"8":{"start":{"line":19,"column":4},"end":{"line":19,"column":29}},"9":{"start":{"line":27,"column":0},"end":{"line":71,"column":2}},"10":{"start":{"line":28,"column":4},"end":{"line":70,"column":5}},"11":{"start":{"line":29,"column":20},"end":{"line":29,"column":30}},"12":{"start":{"line":31,"column":8},"end":{"line":33,"column":9}},"13":{"start":{"line":32,"column":12},"end":{"line":32,"column":57}},"14":{"start":{"line":35,"column":22},"end":{"line":35,"column":51}},"15":{"start":{"line":36,"column":27},"end":{"line":36,"column":61}},"16":{"start":{"line":38,"column":27},"end":{"line":38,"column":39}},"17":{"start":{"line":39,"column":29},"end":{"line":39,"column":30}},"18":{"start":{"line":40,"column":39},"end":{"line":40,"column":40}},"19":{"start":{"line":42,"column":8},"end":{"line":47,"column":11}},"20":{"start":{"line":43,"column":12},"end":{"line":43,"column":72}},"21":{"start":{"line":44,"column":12},"end":{"line":46,"column":15}},"22":{"start":{"line":45,"column":16},"end":{"line":45,"column":48}},"23":{"start":{"line":49,"column":26},"end":{"line":61,"column":9}},"24":{"start":{"line":54,"column":35},"end":{"line":60,"column":13}},"25":{"start":{"line":63,"column":8},"end":{"line":63,"column":36}},"26":{"start":{"line":64,"column":8},"end":{"line":64,"column":35}},"27":{"start":{"line":66,"column":8},"end":{"line":66,"column":40}},"28":{"start":{"line":68,"column":8},"end":{"line":68,"column":51}},"29":{"start":{"line":69,"column":8},"end":{"line":69,"column":65}},"30":{"start":{"line":79,"column":0},"end":{"line":105,"column":2}},"31":{"start":{"line":80,"column":4},"end":{"line":104,"column":5}},"32":{"start":{"line":81,"column":53},"end":{"line":81,"column":61}},"33":{"start":{"line":83,"column":8},"end":{"line":85,"column":9}},"34":{"start":{"line":84,"column":12},"end":{"line":84,"column":88}},"35":{"start":{"line":87,"column":27},"end":{"line":87,"column":61}},"36":{"start":{"line":88,"column":29},"end":{"line":94,"column":9}},"37":{"start":{"line":96,"column":8},"end":{"line":96,"column":38}},"38":{"start":{"line":97,"column":8},"end":{"line":97,"column":56}},"39":{"start":{"line":98,"column":8},"end":{"line":98,"column":36}},"40":{"start":{"line":100,"column":8},"end":{"line":100,"column":99}},"41":{"start":{"line":102,"column":8},"end":{"line":102,"column":55}},"42":{"start":{"line":103,"column":8},"end":{"line":103,"column":65}},"43":{"start":{"line":107,"column":0},"end":{"line":107,"column":62}}},"fnMap":{"0":{"name":"(anonymous_0)","decl":{"start":{"line":17,"column":34},"end":{"line":17,"column":35}},"loc":{"start":{"line":17,"column":40},"end":{"line":20,"column":1}},"line":17},"1":{"name":"(anonymous_1)","decl":{"start":{"line":27,"column":19},"end":{"line":27,"column":20}},"loc":{"start":{"line":27,"column":39},"end":{"line":71,"column":1}},"line":27},"2":{"name":"(anonymous_2)","decl":{"start":{"line":42,"column":22},"end":{"line":42,"column":23}},"loc":{"start":{"line":42,"column":30},"end":{"line":47,"column":9}},"line":42},"3":{"name":"(anonymous_3)","decl":{"start":{"line":44,"column":42},"end":{"line":44,"column":43}},"loc":{"start":{"line":44,"column":53},"end":{"line":46,"column":13}},"line":44},"4":{"name":"(anonymous_4)","decl":{"start":{"line":54,"column":29},"end":{"line":54,"column":30}},"loc":{"start":{"line":54,"column":35},"end":{"line":60,"column":13}},"line":54},"5":{"name":"(anonymous_5)","decl":{"start":{"line":79,"column":23},"end":{"line":79,"column":24}},"loc":{"start":{"line":79,"column":43},"end":{"line":105,"column":1}},"line":79}},"branchMap":{"0":{"loc":{"start":{"line":31,"column":8},"end":{"line":33,"column":9}},"type":"if","locations":[{"start":{"line":31,"column":8},"end":{"line":33,"column":9}},{"start":{},"end":{}}],"line":31},"1":{"loc":{"start":{"line":31,"column":12},"end":{"line":31,"column":65}},"type":"binary-expr","locations":[{"start":{"line":31,"column":12},"end":{"line":31,"column":27}},{"start":{"line":31,"column":31},"end":{"line":31,"column":65}}],"line":31},"2":{"loc":{"start":{"line":83,"column":8},"end":{"line":85,"column":9}},"type":"if","locations":[{"start":{"line":83,"column":8},"end":{"line":85,"column":9}},{"start":{},"end":{}}],"line":83},"3":{"loc":{"start":{"line":83,"column":12},"end":{"line":83,"column":54}},"type":"binary-expr","locations":[{"start":{"line":83,"column":12},"end":{"line":83,"column":18}},{"start":{"line":83,"column":22},"end":{"line":83,"column":34}},{"start":{"line":83,"column":38},"end":{"line":83,"column":45}},{"start":{"line":83,"column":49},"end":{"line":83,"column":54}}],"line":83}},"s":{"0":7,"1":7,"2":7,"3":7,"4":7,"5":7,"6":7,"7":14,"8":14,"9":7,"10":4,"11":4,"12":4,"13":1,"14":3,"15":2,"16":2,"17":2,"18":2,"19":2,"20":2,"21":2,"22":3,"23":2,"24":2,"25":2,"26":2,"27":2,"28":1,"29":1,"30":7,"31":3,"32":3,"33":3,"34":1,"35":2,"36":1,"37":1,"38":1,"39":1,"40":1,"41":1,"42":1,"43":7},"f":{"0":14,"1":4,"2":2,"3":3,"4":2,"5":3},"b":{"0":[1,3],"1":[4,1],"2":[1,2],"3":[3,3,3,2]},"_coverageSchema":"1a1c01bbd47fc00a2c39e90264f33305004495a9","hash":"e1f49d25c94f46ab43d08d74646b9b697f0c1ac6"}
,"C:\\Users\\user\\Downloads\\Carbon Footprint Awareness\\backend\\controllers\\aiController.js": {"path":"C:\\Users\\user\\Downloads\\Carbon Footprint Awareness\\backend\\controllers\\aiController.js","statementMap":{"0":{"start":{"line":1,"column":13},"end":{"line":1,"column":28}},"1":{"start":{"line":2,"column":21},"end":{"line":2,"column":52}},"2":{"start":{"line":4,"column":22},"end":{"line":4,"column":64}},"3":{"start":{"line":11,"column":0},"end":{"line":47,"column":2}},"4":{"start":{"line":12,"column":25},"end":{"line":12,"column":33}},"5":{"start":{"line":14,"column":4},"end":{"line":46,"column":5}},"6":{"start":{"line":15,"column":25},"end":{"line":32,"column":10}},"7":{"start":{"line":34,"column":8},"end":{"line":38,"column":9}},"8":{"start":{"line":35,"column":30},"end":{"line":35,"column":51}},"9":{"start":{"line":36,"column":12},"end":{"line":36,"column":54}},"10":{"start":{"line":37,"column":12},"end":{"line":37,"column":85}},"11":{"start":{"line":40,"column":23},"end":{"line":40,"column":44}},"12":{"start":{"line":41,"column":8},"end":{"line":41,"column":29}},"13":{"start":{"line":44,"column":8},"end":{"line":44,"column":42}},"14":{"start":{"line":45,"column":8},"end":{"line":45,"column":72}},"15":{"start":{"line":54,"column":0},"end":{"line":100,"column":2}},"16":{"start":{"line":55,"column":4},"end":{"line":99,"column":5}},"17":{"start":{"line":56,"column":23},"end":{"line":56,"column":38}},"18":{"start":{"line":57,"column":22},"end":{"line":57,"column":51}},"19":{"start":{"line":58,"column":21},"end":{"line":58,"column":53}},"20":{"start":{"line":58,"column":37},"end":{"line":58,"column":52}},"21":{"start":{"line":60,"column":8},"end":{"line":62,"column":9}},"22":{"start":{"line":61,"column":12},"end":{"line":61,"column":125}},"23":{"start":{"line":64,"column":32},"end":{"line":64,"column":87}},"24":{"start":{"line":66,"column":23},"end":{"line":66,"column":399}},"25":{"start":{"line":68,"column":25},"end":{"line":85,"column":10}},"26":{"start":{"line":87,"column":8},"end":{"line":91,"column":9}},"27":{"start":{"line":88,"column":30},"end":{"line":88,"column":51}},"28":{"start":{"line":89,"column":12},"end":{"line":89,"column":54}},"29":{"start":{"line":90,"column":12},"end":{"line":90,"column":92}},"30":{"start":{"line":93,"column":32},"end":{"line":93,"column":53}},"31":{"start":{"line":94,"column":8},"end":{"line":94,"column":38}},"32":{"start":{"line":97,"column":8},"end":{"line":97,"column":42}},"33":{"start":{"line":98,"column":8},"end":{"line":98,"column":72}}},"fnMap":{"0":{"name":"(anonymous_0)","decl":{"start":{"line":11,"column":16},"end":{"line":11,"column":17}},"loc":{"start":{"line":11,"column":36},"end":{"line":47,"column":1}},"line":11},"1":{"name":"(anonymous_1)","decl":{"start":{"line":54,"column":29},"end":{"line":54,"column":30}},"loc":{"start":{"line":54,"column":49},"end":{"line":100,"column":1}},"line":54},"2":{"name":"(anonymous_2)","decl":{"start":{"line":58,"column":32},"end":{"line":58,"column":33}},"loc":{"start":{"line":58,"column":37},"end":{"line":58,"column":52}},"line":58}},"branchMap":{"0":{"loc":{"start":{"line":34,"column":8},"end":{"line":38,"column":9}},"type":"if","locations":[{"start":{"line":34,"column":8},"end":{"line":38,"column":9}},{"start":{},"end":{}}],"line":34},"1":{"loc":{"start":{"line":60,"column":8},"end":{"line":62,"column":9}},"type":"if","locations":[{"start":{"line":60,"column":8},"end":{"line":62,"column":9}},{"start":{},"end":{}}],"line":60},"2":{"loc":{"start":{"line":60,"column":12},"end":{"line":60,"column":55}},"type":"binary-expr","locations":[{"start":{"line":60,"column":12},"end":{"line":60,"column":17}},{"start":{"line":60,"column":21},"end":{"line":60,"column":55}}],"line":60},"3":{"loc":{"start":{"line":87,"column":8},"end":{"line":91,"column":9}},"type":"if","locations":[{"start":{"line":87,"column":8},"end":{"line":91,"column":9}},{"start":{},"end":{}}],"line":87}},"s":{"0":6,"1":6,"2":6,"3":6,"4":3,"5":3,"6":3,"7":2,"8":1,"9":1,"10":1,"11":1,"12":1,"13":1,"14":1,"15":6,"16":4,"17":4,"18":4,"19":4,"20":4,"21":4,"22":1,"23":3,"24":3,"25":3,"26":2,"27":1,"28":1,"29":1,"30":1,"31":1,"32":1,"33":1},"f":{"0":3,"1":4,"2":4},"b":{"0":[1,1],"1":[1,3],"2":[4,4],"3":[1,1]},"_coverageSchema":"1a1c01bbd47fc00a2c39e90264f33305004495a9","hash":"6ce73b889f24ad3e44a119dc129a02a9387681e6"}
,"C:\\Users\\user\\Downloads\\Carbon Footprint Awareness\\backend\\controllers\\authController.js": {"path":"C:\\Users\\user\\Downloads\\Carbon Footprint Awareness\\backend\\controllers\\authController.js","statementMap":{"0":{"start":{"line":1,"column":13},"end":{"line":1,"column":28}},"1":{"start":{"line":2,"column":23},"end":{"line":2,"column":38}},"2":{"start":{"line":3,"column":12},"end":{"line":3,"column":35}},"3":{"start":{"line":4,"column":15},"end":{"line":4,"column":34}},"4":{"start":{"line":5,"column":32},"end":{"line":5,"column":63}},"5":{"start":{"line":6,"column":23},"end":{"line":6,"column":53}},"6":{"start":{"line":8,"column":22},"end":{"line":8,"column":64}},"7":{"start":{"line":15,"column":0},"end":{"line":52,"column":2}},"8":{"start":{"line":16,"column":4},"end":{"line":51,"column":5}},"9":{"start":{"line":17,"column":42},"end":{"line":17,"column":50}},"10":{"start":{"line":19,"column":8},"end":{"line":21,"column":9}},"11":{"start":{"line":20,"column":12},"end":{"line":20,"column":89}},"12":{"start":{"line":23,"column":22},"end":{"line":23,"column":51}},"13":{"start":{"line":26,"column":8},"end":{"line":28,"column":9}},"14":{"start":{"line":26,"column":28},"end":{"line":26,"column":45}},"15":{"start":{"line":27,"column":12},"end":{"line":27,"column":74}},"16":{"start":{"line":30,"column":31},"end":{"line":30,"column":62}},"17":{"start":{"line":32,"column":24},"end":{"line":40,"column":9}},"18":{"start":{"line":42,"column":8},"end":{"line":42,"column":28}},"19":{"start":{"line":43,"column":8},"end":{"line":43,"column":46}},"20":{"start":{"line":45,"column":22},"end":{"line":45,"column":141}},"21":{"start":{"line":47,"column":8},"end":{"line":47,"column":171}},"22":{"start":{"line":49,"column":8},"end":{"line":49,"column":51}},"23":{"start":{"line":50,"column":8},"end":{"line":50,"column":65}},"24":{"start":{"line":59,"column":0},"end":{"line":82,"column":2}},"25":{"start":{"line":60,"column":4},"end":{"line":81,"column":5}},"26":{"start":{"line":61,"column":36},"end":{"line":61,"column":44}},"27":{"start":{"line":63,"column":22},"end":{"line":63,"column":51}},"28":{"start":{"line":64,"column":21},"end":{"line":64,"column":55}},"29":{"start":{"line":64,"column":37},"end":{"line":64,"column":54}},"30":{"start":{"line":66,"column":8},"end":{"line":68,"column":9}},"31":{"start":{"line":67,"column":12},"end":{"line":67,"column":74}},"32":{"start":{"line":70,"column":24},"end":{"line":70,"column":69}},"33":{"start":{"line":71,"column":8},"end":{"line":73,"column":9}},"34":{"start":{"line":72,"column":12},"end":{"line":72,"column":74}},"35":{"start":{"line":75,"column":22},"end":{"line":75,"column":138}},"36":{"start":{"line":77,"column":8},"end":{"line":77,"column":147}},"37":{"start":{"line":79,"column":8},"end":{"line":79,"column":48}},"38":{"start":{"line":80,"column":8},"end":{"line":80,"column":65}},"39":{"start":{"line":89,"column":0},"end":{"line":102,"column":2}},"40":{"start":{"line":90,"column":4},"end":{"line":101,"column":5}},"41":{"start":{"line":91,"column":22},"end":{"line":91,"column":51}},"42":{"start":{"line":92,"column":21},"end":{"line":92,"column":62}},"43":{"start":{"line":92,"column":37},"end":{"line":92,"column":61}},"44":{"start":{"line":93,"column":8},"end":{"line":93,"column":76}},"45":{"start":{"line":93,"column":19},"end":{"line":93,"column":76}},"46":{"start":{"line":96,"column":45},"end":{"line":96,"column":49}},"47":{"start":{"line":97,"column":8},"end":{"line":97,"column":42}},"48":{"start":{"line":99,"column":8},"end":{"line":99,"column":53}},"49":{"start":{"line":100,"column":8},"end":{"line":100,"column":65}}},"fnMap":{"0":{"name":"(anonymous_0)","decl":{"start":{"line":15,"column":19},"end":{"line":15,"column":20}},"loc":{"start":{"line":15,"column":39},"end":{"line":52,"column":1}},"line":15},"1":{"name":"(anonymous_1)","decl":{"start":{"line":26,"column":23},"end":{"line":26,"column":24}},"loc":{"start":{"line":26,"column":28},"end":{"line":26,"column":45}},"line":26},"2":{"name":"(anonymous_2)","decl":{"start":{"line":59,"column":16},"end":{"line":59,"column":17}},"loc":{"start":{"line":59,"column":36},"end":{"line":82,"column":1}},"line":59},"3":{"name":"(anonymous_3)","decl":{"start":{"line":64,"column":32},"end":{"line":64,"column":33}},"loc":{"start":{"line":64,"column":37},"end":{"line":64,"column":54}},"line":64},"4":{"name":"(anonymous_4)","decl":{"start":{"line":89,"column":21},"end":{"line":89,"column":22}},"loc":{"start":{"line":89,"column":41},"end":{"line":102,"column":1}},"line":89},"5":{"name":"(anonymous_5)","decl":{"start":{"line":92,"column":32},"end":{"line":92,"column":33}},"loc":{"start":{"line":92,"column":37},"end":{"line":92,"column":61}},"line":92}},"branchMap":{"0":{"loc":{"start":{"line":19,"column":8},"end":{"line":21,"column":9}},"type":"if","locations":[{"start":{"line":19,"column":8},"end":{"line":21,"column":9}},{"start":{},"end":{}}],"line":19},"1":{"loc":{"start":{"line":19,"column":12},"end":{"line":19,"column":40}},"type":"binary-expr","locations":[{"start":{"line":19,"column":12},"end":{"line":19,"column":17}},{"start":{"line":19,"column":21},"end":{"line":19,"column":27}},{"start":{"line":19,"column":31},"end":{"line":19,"column":40}}],"line":19},"2":{"loc":{"start":{"line":26,"column":8},"end":{"line":28,"column":9}},"type":"if","locations":[{"start":{"line":26,"column":8},"end":{"line":28,"column":9}},{"start":{},"end":{}}],"line":26},"3":{"loc":{"start":{"line":45,"column":55},"end":{"line":45,"column":113}},"type":"binary-expr","locations":[{"start":{"line":45,"column":55},"end":{"line":45,"column":77}},{"start":{"line":45,"column":81},"end":{"line":45,"column":113}}],"line":45},"4":{"loc":{"start":{"line":66,"column":8},"end":{"line":68,"column":9}},"type":"if","locations":[{"start":{"line":66,"column":8},"end":{"line":68,"column":9}},{"start":{},"end":{}}],"line":66},"5":{"loc":{"start":{"line":71,"column":8},"end":{"line":73,"column":9}},"type":"if","locations":[{"start":{"line":71,"column":8},"end":{"line":73,"column":9}},{"start":{},"end":{}}],"line":71},"6":{"loc":{"start":{"line":75,"column":52},"end":{"line":75,"column":110}},"type":"binary-expr","locations":[{"start":{"line":75,"column":52},"end":{"line":75,"column":74}},{"start":{"line":75,"column":78},"end":{"line":75,"column":110}}],"line":75},"7":{"loc":{"start":{"line":93,"column":8},"end":{"line":93,"column":76}},"type":"if","locations":[{"start":{"line":93,"column":8},"end":{"line":93,"column":76}},{"start":{},"end":{}}],"line":93}},"s":{"0":6,"1":6,"2":6,"3":6,"4":6,"5":6,"6":6,"7":6,"8":4,"9":4,"10":4,"11":1,"12":3,"13":2,"14":2,"15":1,"16":1,"17":1,"18":1,"19":1,"20":1,"21":1,"22":1,"23":1,"24":6,"25":5,"26":5,"27":5,"28":4,"29":4,"30":4,"31":1,"32":3,"33":3,"34":1,"35":2,"36":2,"37":1,"38":1,"39":6,"40":2,"41":2,"42":1,"43":1,"44":1,"45":0,"46":1,"47":1,"48":1,"49":1},"f":{"0":4,"1":2,"2":5,"3":4,"4":2,"5":1},"b":{"0":[1,3],"1":[4,3,3],"2":[1,1],"3":[1,0],"4":[1,3],"5":[1,2],"6":[2,0],"7":[0,1]},"_coverageSchema":"1a1c01bbd47fc00a2c39e90264f33305004495a9","hash":"134c697098bcaef001afe1264ee1308d434b9082"}
,"C:\\Users\\user\\Downloads\\Carbon Footprint Awareness\\backend\\controllers\\calculatorController.js": {"path":"C:\\Users\\user\\Downloads\\Carbon Footprint Awareness\\backend\\controllers\\calculatorController.js","statementMap":{"0":{"start":{"line":1,"column":13},"end":{"line":1,"column":28}},"1":{"start":{"line":2,"column":23},"end":{"line":2,"column":38}},"2":{"start":{"line":3,"column":28},"end":{"line":3,"column":62}},"3":{"start":{"line":4,"column":38},"end":{"line":4,"column":66}},"4":{"start":{"line":5,"column":32},"end":{"line":5,"column":63}},"5":{"start":{"line":6,"column":81},"end":{"line":6,"column":111}},"6":{"start":{"line":8,"column":22},"end":{"line":8,"column":64}},"7":{"start":{"line":15,"column":0},"end":{"line":81,"column":2}},"8":{"start":{"line":16,"column":4},"end":{"line":80,"column":5}},"9":{"start":{"line":17,"column":62},"end":{"line":17,"column":70}},"10":{"start":{"line":18,"column":23},"end":{"line":18,"column":38}},"11":{"start":{"line":21,"column":23},"end":{"line":21,"column":68}},"12":{"start":{"line":22,"column":8},"end":{"line":28,"column":9}},"13":{"start":{"line":23,"column":12},"end":{"line":27,"column":13}},"14":{"start":{"line":24,"column":16},"end":{"line":26,"column":17}},"15":{"start":{"line":25,"column":20},"end":{"line":25,"column":119}},"16":{"start":{"line":30,"column":26},"end":{"line":36,"column":9}},"17":{"start":{"line":38,"column":31},"end":{"line":38,"column":92}},"18":{"start":{"line":38,"column":78},"end":{"line":38,"column":88}},"19":{"start":{"line":40,"column":22},"end":{"line":40,"column":51}},"20":{"start":{"line":41,"column":26},"end":{"line":41,"column":63}},"21":{"start":{"line":41,"column":47},"end":{"line":41,"column":62}},"22":{"start":{"line":43,"column":8},"end":{"line":43,"column":87}},"23":{"start":{"line":43,"column":30},"end":{"line":43,"column":87}},"24":{"start":{"line":45,"column":23},"end":{"line":51,"column":9}},"25":{"start":{"line":53,"column":8},"end":{"line":53,"column":55}},"26":{"start":{"line":57,"column":28},"end":{"line":57,"column":30}},"27":{"start":{"line":58,"column":8},"end":{"line":59,"column":58}},"28":{"start":{"line":58,"column":33},"end":{"line":58,"column":53}},"29":{"start":{"line":59,"column":13},"end":{"line":59,"column":58}},"30":{"start":{"line":59,"column":38},"end":{"line":59,"column":58}},"31":{"start":{"line":61,"column":8},"end":{"line":61,"column":48}},"32":{"start":{"line":63,"column":34},"end":{"line":63,"column":79}},"33":{"start":{"line":64,"column":32},"end":{"line":64,"column":69}},"34":{"start":{"line":66,"column":8},"end":{"line":66,"column":46}},"35":{"start":{"line":67,"column":8},"end":{"line":67,"column":26}},"36":{"start":{"line":68,"column":8},"end":{"line":68,"column":36}},"37":{"start":{"line":70,"column":8},"end":{"line":76,"column":11}},"38":{"start":{"line":78,"column":8},"end":{"line":78,"column":52}},"39":{"start":{"line":79,"column":8},"end":{"line":79,"column":65}}},"fnMap":{"0":{"name":"(anonymous_0)","decl":{"start":{"line":15,"column":20},"end":{"line":15,"column":21}},"loc":{"start":{"line":15,"column":40},"end":{"line":81,"column":1}},"line":15},"1":{"name":"(anonymous_1)","decl":{"start":{"line":38,"column":63},"end":{"line":38,"column":64}},"loc":{"start":{"line":38,"column":78},"end":{"line":38,"column":88}},"line":38},"2":{"name":"(anonymous_2)","decl":{"start":{"line":41,"column":42},"end":{"line":41,"column":43}},"loc":{"start":{"line":41,"column":47},"end":{"line":41,"column":62}},"line":41}},"branchMap":{"0":{"loc":{"start":{"line":23,"column":12},"end":{"line":27,"column":13}},"type":"if","locations":[{"start":{"line":23,"column":12},"end":{"line":27,"column":13}},{"start":{},"end":{}}],"line":23},"1":{"loc":{"start":{"line":23,"column":16},"end":{"line":23,"column":53}},"type":"binary-expr","locations":[{"start":{"line":23,"column":16},"end":{"line":23,"column":35}},{"start":{"line":23,"column":39},"end":{"line":23,"column":53}}],"line":23},"2":{"loc":{"start":{"line":24,"column":16},"end":{"line":26,"column":17}},"type":"if","locations":[{"start":{"line":24,"column":16},"end":{"line":26,"column":17}},{"start":{},"end":{}}],"line":24},"3":{"loc":{"start":{"line":24,"column":20},"end":{"line":24,"column":58}},"type":"binary-expr","locations":[{"start":{"line":24,"column":20},"end":{"line":24,"column":45}},{"start":{"line":24,"column":49},"end":{"line":24,"column":58}}],"line":24},"4":{"loc":{"start":{"line":31,"column":24},"end":{"line":31,"column":38}},"type":"binary-expr","locations":[{"start":{"line":31,"column":24},"end":{"line":31,"column":33}},{"start":{"line":31,"column":37},"end":{"line":31,"column":38}}],"line":31},"5":{"loc":{"start":{"line":32,"column":26},"end":{"line":32,"column":42}},"type":"binary-expr","locations":[{"start":{"line":32,"column":26},"end":{"line":32,"column":37}},{"start":{"line":32,"column":41},"end":{"line":32,"column":42}}],"line":32},"6":{"loc":{"start":{"line":33,"column":20},"end":{"line":33,"column":30}},"type":"binary-expr","locations":[{"start":{"line":33,"column":20},"end":{"line":33,"column":25}},{"start":{"line":33,"column":29},"end":{"line":33,"column":30}}],"line":33},"7":{"loc":{"start":{"line":34,"column":18},"end":{"line":34,"column":26}},"type":"binary-expr","locations":[{"start":{"line":34,"column":18},"end":{"line":34,"column":21}},{"start":{"line":34,"column":25},"end":{"line":34,"column":26}}],"line":34},"8":{"loc":{"start":{"line":35,"column":20},"end":{"line":35,"column":30}},"type":"binary-expr","locations":[{"start":{"line":35,"column":20},"end":{"line":35,"column":25}},{"start":{"line":35,"column":29},"end":{"line":35,"column":30}}],"line":35},"9":{"loc":{"start":{"line":43,"column":8},"end":{"line":43,"column":87}},"type":"if","locations":[{"start":{"line":43,"column":8},"end":{"line":43,"column":87}},{"start":{},"end":{}}],"line":43},"10":{"loc":{"start":{"line":58,"column":8},"end":{"line":59,"column":58}},"type":"if","locations":[{"start":{"line":58,"column":8},"end":{"line":59,"column":58}},{"start":{"line":59,"column":13},"end":{"line":59,"column":58}}],"line":58},"11":{"loc":{"start":{"line":59,"column":13},"end":{"line":59,"column":58}},"type":"if","locations":[{"start":{"line":59,"column":13},"end":{"line":59,"column":58}},{"start":{},"end":{}}],"line":59}},"s":{"0":7,"1":7,"2":7,"3":7,"4":7,"5":7,"6":7,"7":7,"8":13,"9":13,"10":13,"11":13,"12":13,"13":61,"14":16,"15":1,"16":12,"17":12,"18":60,"19":12,"20":11,"21":11,"22":11,"23":0,"24":11,"25":11,"26":11,"27":11,"28":5,"29":6,"30":3,"31":11,"32":11,"33":11,"34":11,"35":11,"36":11,"37":11,"38":1,"39":1},"f":{"0":13,"1":60,"2":11},"b":{"0":[16,45],"1":[61,16],"2":[1,15],"3":[16,16],"4":[12,6],"5":[12,10],"6":[12,10],"7":[12,10],"8":[12,10],"9":[0,11],"10":[5,6],"11":[3,3]},"_coverageSchema":"1a1c01bbd47fc00a2c39e90264f33305004495a9","hash":"a7ac4c530c6790523e31e979c5e3236902cf07c6"}
,"C:\\Users\\user\\Downloads\\Carbon Footprint Awareness\\backend\\controllers\\challengeController.js": {"path":"C:\\Users\\user\\Downloads\\Carbon Footprint Awareness\\backend\\controllers\\challengeController.js","statementMap":{"0":{"start":{"line":1,"column":13},"end":{"line":1,"column":28}},"1":{"start":{"line":2,"column":28},"end":{"line":2,"column":62}},"2":{"start":{"line":3,"column":38},"end":{"line":3,"column":66}},"3":{"start":{"line":4,"column":32},"end":{"line":4,"column":63}},"4":{"start":{"line":6,"column":22},"end":{"line":6,"column":64}},"5":{"start":{"line":7,"column":27},"end":{"line":7,"column":74}},"6":{"start":{"line":14,"column":0},"end":{"line":22,"column":2}},"7":{"start":{"line":15,"column":4},"end":{"line":21,"column":5}},"8":{"start":{"line":16,"column":27},"end":{"line":16,"column":61}},"9":{"start":{"line":17,"column":8},"end":{"line":17,"column":41}},"10":{"start":{"line":19,"column":8},"end":{"line":19,"column":59}},"11":{"start":{"line":20,"column":8},"end":{"line":20,"column":65}},"12":{"start":{"line":29,"column":0},"end":{"line":61,"column":2}},"13":{"start":{"line":30,"column":4},"end":{"line":60,"column":5}},"14":{"start":{"line":31,"column":32},"end":{"line":31,"column":40}},"15":{"start":{"line":32,"column":23},"end":{"line":32,"column":38}},"16":{"start":{"line":34,"column":27},"end":{"line":34,"column":61}},"17":{"start":{"line":35,"column":26},"end":{"line":35,"column":68}},"18":{"start":{"line":35,"column":47},"end":{"line":35,"column":67}},"19":{"start":{"line":37,"column":8},"end":{"line":37,"column":86}},"20":{"start":{"line":37,"column":24},"end":{"line":37,"column":86}},"21":{"start":{"line":39,"column":22},"end":{"line":39,"column":51}},"22":{"start":{"line":40,"column":26},"end":{"line":40,"column":63}},"23":{"start":{"line":40,"column":47},"end":{"line":40,"column":62}},"24":{"start":{"line":42,"column":8},"end":{"line":42,"column":87}},"25":{"start":{"line":42,"column":30},"end":{"line":42,"column":87}},"26":{"start":{"line":45,"column":8},"end":{"line":47,"column":9}},"27":{"start":{"line":46,"column":12},"end":{"line":46,"column":82}},"28":{"start":{"line":49,"column":8},"end":{"line":49,"column":63}},"29":{"start":{"line":50,"column":8},"end":{"line":50,"column":51}},"30":{"start":{"line":52,"column":8},"end":{"line":52,"column":46}},"31":{"start":{"line":53,"column":8},"end":{"line":53,"column":26}},"32":{"start":{"line":54,"column":8},"end":{"line":54,"column":36}},"33":{"start":{"line":56,"column":8},"end":{"line":56,"column":144}},"34":{"start":{"line":58,"column":8},"end":{"line":58,"column":60}},"35":{"start":{"line":59,"column":8},"end":{"line":59,"column":65}}},"fnMap":{"0":{"name":"(anonymous_0)","decl":{"start":{"line":14,"column":27},"end":{"line":14,"column":28}},"loc":{"start":{"line":14,"column":47},"end":{"line":22,"column":1}},"line":14},"1":{"name":"(anonymous_1)","decl":{"start":{"line":29,"column":28},"end":{"line":29,"column":29}},"loc":{"start":{"line":29,"column":48},"end":{"line":61,"column":1}},"line":29},"2":{"name":"(anonymous_2)","decl":{"start":{"line":35,"column":42},"end":{"line":35,"column":43}},"loc":{"start":{"line":35,"column":47},"end":{"line":35,"column":67}},"line":35},"3":{"name":"(anonymous_3)","decl":{"start":{"line":40,"column":42},"end":{"line":40,"column":43}},"loc":{"start":{"line":40,"column":47},"end":{"line":40,"column":62}},"line":40}},"branchMap":{"0":{"loc":{"start":{"line":37,"column":8},"end":{"line":37,"column":86}},"type":"if","locations":[{"start":{"line":37,"column":8},"end":{"line":37,"column":86}},{"start":{},"end":{}}],"line":37},"1":{"loc":{"start":{"line":42,"column":8},"end":{"line":42,"column":87}},"type":"if","locations":[{"start":{"line":42,"column":8},"end":{"line":42,"column":87}},{"start":{},"end":{}}],"line":42},"2":{"loc":{"start":{"line":45,"column":8},"end":{"line":47,"column":9}},"type":"if","locations":[{"start":{"line":45,"column":8},"end":{"line":47,"column":9}},{"start":{},"end":{}}],"line":45}},"s":{"0":6,"1":6,"2":6,"3":6,"4":6,"5":6,"6":6,"7":2,"8":2,"9":1,"10":1,"11":1,"12":6,"13":3,"14":3,"15":3,"16":3,"17":2,"18":3,"19":2,"20":0,"21":2,"22":2,"23":2,"24":2,"25":0,"26":2,"27":1,"28":1,"29":1,"30":1,"31":1,"32":1,"33":1,"34":1,"35":1},"f":{"0":2,"1":3,"2":3,"3":2},"b":{"0":[0,2],"1":[0,2],"2":[1,1]},"_coverageSchema":"1a1c01bbd47fc00a2c39e90264f33305004495a9","hash":"663f0e3ba4bd5863c6efcd21ca7399f7f8fab3f4"}
,"C:\\Users\\user\\Downloads\\Carbon Footprint Awareness\\backend\\controllers\\leaderboardController.js": {"path":"C:\\Users\\user\\Downloads\\Carbon Footprint Awareness\\backend\\controllers\\leaderboardController.js","statementMap":{"0":{"start":{"line":1,"column":13},"end":{"line":1,"column":28}},"1":{"start":{"line":2,"column":21},"end":{"line":2,"column":52}},"2":{"start":{"line":4,"column":22},"end":{"line":4,"column":64}},"3":{"start":{"line":6,"column":12},"end":{"line":9,"column":1}},"4":{"start":{"line":11,"column":0},"end":{"line":14,"column":2}},"5":{"start":{"line":12,"column":4},"end":{"line":12,"column":22}},"6":{"start":{"line":13,"column":4},"end":{"line":13,"column":24}},"7":{"start":{"line":21,"column":0},"end":{"line":48,"column":2}},"8":{"start":{"line":22,"column":4},"end":{"line":47,"column":5}},"9":{"start":{"line":23,"column":20},"end":{"line":23,"column":30}},"10":{"start":{"line":24,"column":8},"end":{"line":26,"column":9}},"11":{"start":{"line":25,"column":12},"end":{"line":25,"column":52}},"12":{"start":{"line":28,"column":22},"end":{"line":28,"column":51}},"13":{"start":{"line":31,"column":28},"end":{"line":31,"column":67}},"14":{"start":{"line":31,"column":49},"end":{"line":31,"column":66}},"15":{"start":{"line":34,"column":25},"end":{"line":38,"column":11}},"16":{"start":{"line":34,"column":60},"end":{"line":38,"column":9}},"17":{"start":{"line":40,"column":8},"end":{"line":40,"column":30}},"18":{"start":{"line":41,"column":8},"end":{"line":41,"column":30}},"19":{"start":{"line":43,"column":8},"end":{"line":43,"column":39}},"20":{"start":{"line":45,"column":8},"end":{"line":45,"column":57}},"21":{"start":{"line":46,"column":8},"end":{"line":46,"column":65}}},"fnMap":{"0":{"name":"(anonymous_0)","decl":{"start":{"line":11,"column":26},"end":{"line":11,"column":27}},"loc":{"start":{"line":11,"column":32},"end":{"line":14,"column":1}},"line":11},"1":{"name":"(anonymous_1)","decl":{"start":{"line":21,"column":25},"end":{"line":21,"column":26}},"loc":{"start":{"line":21,"column":45},"end":{"line":48,"column":1}},"line":21},"2":{"name":"(anonymous_2)","decl":{"start":{"line":31,"column":39},"end":{"line":31,"column":40}},"loc":{"start":{"line":31,"column":49},"end":{"line":31,"column":66}},"line":31},"3":{"name":"(anonymous_3)","decl":{"start":{"line":34,"column":54},"end":{"line":34,"column":55}},"loc":{"start":{"line":34,"column":60},"end":{"line":38,"column":9}},"line":34}},"branchMap":{"0":{"loc":{"start":{"line":24,"column":8},"end":{"line":26,"column":9}},"type":"if","locations":[{"start":{"line":24,"column":8},"end":{"line":26,"column":9}},{"start":{},"end":{}}],"line":24},"1":{"loc":{"start":{"line":24,"column":12},"end":{"line":24,"column":55}},"type":"binary-expr","locations":[{"start":{"line":24,"column":12},"end":{"line":24,"column":22}},{"start":{"line":24,"column":26},"end":{"line":24,"column":55}}],"line":24}},"s":{"0":7,"1":7,"2":7,"3":7,"4":7,"5":17,"6":17,"7":7,"8":6,"9":6,"10":6,"11":1,"12":5,"13":4,"14":56,"15":4,"16":40,"17":4,"18":4,"19":4,"20":1,"21":1},"f":{"0":17,"1":6,"2":56,"3":40},"b":{"0":[1,5],"1":[6,1]},"_coverageSchema":"1a1c01bbd47fc00a2c39e90264f33305004495a9","hash":"f7641602c23d29fc7f2658152f8240b40065678c"}
,"C:\\Users\\user\\Downloads\\Carbon Footprint Awareness\\backend\\middleware\\authMiddleware.js": {"path":"C:\\Users\\user\\Downloads\\Carbon Footprint Awareness\\backend\\middleware\\authMiddleware.js","statementMap":{"0":{"start":{"line":1,"column":12},"end":{"line":1,"column":35}},"1":{"start":{"line":3,"column":23},"end":{"line":20,"column":1}},"2":{"start":{"line":4,"column":23},"end":{"line":4,"column":48}},"3":{"start":{"line":5,"column":4},"end":{"line":7,"column":5}},"4":{"start":{"line":6,"column":8},"end":{"line":6,"column":82}},"5":{"start":{"line":9,"column":18},"end":{"line":9,"column":42}},"6":{"start":{"line":10,"column":4},"end":{"line":19,"column":5}},"7":{"start":{"line":11,"column":24},"end":{"line":11,"column":101}},"8":{"start":{"line":12,"column":8},"end":{"line":12,"column":27}},"9":{"start":{"line":13,"column":8},"end":{"line":13,"column":15}},"10":{"start":{"line":15,"column":8},"end":{"line":17,"column":9}},"11":{"start":{"line":16,"column":12},"end":{"line":16,"column":82}},"12":{"start":{"line":18,"column":8},"end":{"line":18,"column":78}},"13":{"start":{"line":22,"column":0},"end":{"line":22,"column":32}}},"fnMap":{"0":{"name":"(anonymous_0)","decl":{"start":{"line":3,"column":23},"end":{"line":3,"column":24}},"loc":{"start":{"line":3,"column":43},"end":{"line":20,"column":1}},"line":3}},"branchMap":{"0":{"loc":{"start":{"line":5,"column":4},"end":{"line":7,"column":5}},"type":"if","locations":[{"start":{"line":5,"column":4},"end":{"line":7,"column":5}},{"start":{},"end":{}}],"line":5},"1":{"loc":{"start":{"line":5,"column":8},"end":{"line":5,"column":56}},"type":"binary-expr","locations":[{"start":{"line":5,"column":8},"end":{"line":5,"column":19}},{"start":{"line":5,"column":23},"end":{"line":5,"column":56}}],"line":5},"2":{"loc":{"start":{"line":11,"column":42},"end":{"line":11,"column":100}},"type":"binary-expr","locations":[{"start":{"line":11,"column":42},"end":{"line":11,"column":64}},{"start":{"line":11,"column":68},"end":{"line":11,"column":100}}],"line":11},"3":{"loc":{"start":{"line":15,"column":8},"end":{"line":17,"column":9}},"type":"if","locations":[{"start":{"line":15,"column":8},"end":{"line":17,"column":9}},{"start":{},"end":{}}],"line":15}},"s":{"0":6,"1":6,"2":19,"3":19,"4":1,"5":18,"6":18,"7":18,"8":16,"9":16,"10":2,"11":1,"12":1,"13":6},"f":{"0":19},"b":{"0":[1,18],"1":[19,18],"2":[18,0],"3":[1,1]},"_coverageSchema":"1a1c01bbd47fc00a2c39e90264f33305004495a9","hash":"4827ed7adbdc56368769c1f545070a8b967f3955"}
,"C:\\Users\\user\\Downloads\\Carbon Footprint Awareness\\backend\\routes\\adminRoutes.js": {"path":"C:\\Users\\user\\Downloads\\Carbon Footprint Awareness\\backend\\routes\\adminRoutes.js","statementMap":{"0":{"start":{"line":1,"column":16},"end":{"line":1,"column":34}},"1":{"start":{"line":2,"column":15},"end":{"line":2,"column":31}},"2":{"start":{"line":3,"column":24},"end":{"line":3,"column":65}},"3":{"start":{"line":4,"column":23},"end":{"line":4,"column":62}},"4":{"start":{"line":7,"column":0},"end":{"line":7,"column":63}},"5":{"start":{"line":8,"column":0},"end":{"line":8,"column":73}},"6":{"start":{"line":10,"column":0},"end":{"line":10,"column":24}}},"fnMap":{},"branchMap":{},"s":{"0":6,"1":6,"2":6,"3":6,"4":6,"5":6,"6":6},"f":{},"b":{},"_coverageSchema":"1a1c01bbd47fc00a2c39e90264f33305004495a9","hash":"b2522d0e22d36fd5ce561b82f3872c29ab86e428"}
,"C:\\Users\\user\\Downloads\\Carbon Footprint Awareness\\backend\\routes\\aiRoutes.js": {"path":"C:\\Users\\user\\Downloads\\Carbon Footprint Awareness\\backend\\routes\\aiRoutes.js","statementMap":{"0":{"start":{"line":1,"column":16},"end":{"line":1,"column":34}},"1":{"start":{"line":2,"column":15},"end":{"line":2,"column":31}},"2":{"start":{"line":3,"column":21},"end":{"line":3,"column":59}},"3":{"start":{"line":4,"column":23},"end":{"line":4,"column":62}},"4":{"start":{"line":6,"column":0},"end":{"line":6,"column":56}},"5":{"start":{"line":7,"column":0},"end":{"line":7,"column":80}},"6":{"start":{"line":9,"column":0},"end":{"line":9,"column":24}}},"fnMap":{},"branchMap":{},"s":{"0":6,"1":6,"2":6,"3":6,"4":6,"5":6,"6":6},"f":{},"b":{},"_coverageSchema":"1a1c01bbd47fc00a2c39e90264f33305004495a9","hash":"fc6141abf6e926ad927b5d2c50c131bade04bba4"}
,"C:\\Users\\user\\Downloads\\Carbon Footprint Awareness\\backend\\routes\\authRoutes.js": {"path":"C:\\Users\\user\\Downloads\\Carbon Footprint Awareness\\backend\\routes\\authRoutes.js","statementMap":{"0":{"start":{"line":1,"column":16},"end":{"line":1,"column":34}},"1":{"start":{"line":2,"column":15},"end":{"line":2,"column":31}},"2":{"start":{"line":3,"column":23},"end":{"line":3,"column":63}},"3":{"start":{"line":4,"column":23},"end":{"line":4,"column":62}},"4":{"start":{"line":5,"column":35},"end":{"line":5,"column":63}},"5":{"start":{"line":7,"column":24},"end":{"line":13,"column":1}},"6":{"start":{"line":8,"column":19},"end":{"line":8,"column":40}},"7":{"start":{"line":9,"column":4},"end":{"line":11,"column":5}},"8":{"start":{"line":10,"column":8},"end":{"line":10,"column":64}},"9":{"start":{"line":12,"column":4},"end":{"line":12,"column":11}},"10":{"start":{"line":15,"column":0},"end":{"line":20,"column":28}},"11":{"start":{"line":22,"column":0},"end":{"line":26,"column":25}},"12":{"start":{"line":28,"column":0},"end":{"line":28,"column":66}},"13":{"start":{"line":30,"column":0},"end":{"line":30,"column":24}}},"fnMap":{"0":{"name":"(anonymous_0)","decl":{"start":{"line":7,"column":24},"end":{"line":7,"column":25}},"loc":{"start":{"line":7,"column":44},"end":{"line":13,"column":1}},"line":7}},"branchMap":{"0":{"loc":{"start":{"line":9,"column":4},"end":{"line":11,"column":5}},"type":"if","locations":[{"start":{"line":9,"column":4},"end":{"line":11,"column":5}},{"start":{},"end":{}}],"line":9}},"s":{"0":6,"1":6,"2":6,"3":6,"4":6,"5":6,"6":7,"7":7,"8":1,"9":6,"10":6,"11":6,"12":6,"13":6},"f":{"0":7},"b":{"0":[1,6]},"_coverageSchema":"1a1c01bbd47fc00a2c39e90264f33305004495a9","hash":"369aed8e157bea5b3b39a1f0469966a305acd956"}
,"C:\\Users\\user\\Downloads\\Carbon Footprint Awareness\\backend\\routes\\calculatorRoutes.js": {"path":"C:\\Users\\user\\Downloads\\Carbon Footprint Awareness\\backend\\routes\\calculatorRoutes.js","statementMap":{"0":{"start":{"line":1,"column":16},"end":{"line":1,"column":34}},"1":{"start":{"line":2,"column":15},"end":{"line":2,"column":31}},"2":{"start":{"line":3,"column":29},"end":{"line":3,"column":75}},"3":{"start":{"line":4,"column":23},"end":{"line":4,"column":62}},"4":{"start":{"line":6,"column":0},"end":{"line":6,"column":65}},"5":{"start":{"line":8,"column":0},"end":{"line":8,"column":24}}},"fnMap":{},"branchMap":{},"s":{"0":6,"1":6,"2":6,"3":6,"4":6,"5":6},"f":{},"b":{},"_coverageSchema":"1a1c01bbd47fc00a2c39e90264f33305004495a9","hash":"2aa9cccf7e60d6a16d0d61ea3c26e0649fe00220"}
,"C:\\Users\\user\\Downloads\\Carbon Footprint Awareness\\backend\\routes\\challengeRoutes.js": {"path":"C:\\Users\\user\\Downloads\\Carbon Footprint Awareness\\backend\\routes\\challengeRoutes.js","statementMap":{"0":{"start":{"line":1,"column":16},"end":{"line":1,"column":34}},"1":{"start":{"line":2,"column":15},"end":{"line":2,"column":31}},"2":{"start":{"line":3,"column":28},"end":{"line":3,"column":73}},"3":{"start":{"line":4,"column":23},"end":{"line":4,"column":62}},"4":{"start":{"line":6,"column":0},"end":{"line":6,"column":70}},"5":{"start":{"line":7,"column":0},"end":{"line":7,"column":80}},"6":{"start":{"line":9,"column":0},"end":{"line":9,"column":24}}},"fnMap":{},"branchMap":{},"s":{"0":6,"1":6,"2":6,"3":6,"4":6,"5":6,"6":6},"f":{},"b":{},"_coverageSchema":"1a1c01bbd47fc00a2c39e90264f33305004495a9","hash":"eea536ae7241a11680da90f07e5cc7d4ed4d923c"}
,"C:\\Users\\user\\Downloads\\Carbon Footprint Awareness\\backend\\routes\\leaderboardRoutes.js": {"path":"C:\\Users\\user\\Downloads\\Carbon Footprint Awareness\\backend\\routes\\leaderboardRoutes.js","statementMap":{"0":{"start":{"line":1,"column":16},"end":{"line":1,"column":34}},"1":{"start":{"line":2,"column":15},"end":{"line":2,"column":31}},"2":{"start":{"line":3,"column":30},"end":{"line":3,"column":77}},"3":{"start":{"line":5,"column":0},"end":{"line":5,"column":54}},"4":{"start":{"line":7,"column":0},"end":{"line":7,"column":24}}},"fnMap":{},"branchMap":{},"s":{"0":6,"1":6,"2":6,"3":6,"4":6},"f":{},"b":{},"_coverageSchema":"1a1c01bbd47fc00a2c39e90264f33305004495a9","hash":"b58eac8f3d397812a0531d527fdb29d42ad2b697"}
,"C:\\Users\\user\\Downloads\\Carbon Footprint Awareness\\backend\\utils\\fileHelpers.js": {"path":"C:\\Users\\user\\Downloads\\Carbon Footprint Awareness\\backend\\utils\\fileHelpers.js","statementMap":{"0":{"start":{"line":1,"column":11},"end":{"line":1,"column":33}},"1":{"start":{"line":8,"column":17},"end":{"line":11,"column":1}},"2":{"start":{"line":9,"column":17},"end":{"line":9,"column":52}},"3":{"start":{"line":10,"column":4},"end":{"line":10,"column":28}},"4":{"start":{"line":19,"column":18},"end":{"line":21,"column":1}},"5":{"start":{"line":20,"column":4},"end":{"line":20,"column":64}},"6":{"start":{"line":23,"column":0},"end":{"line":26,"column":2}}},"fnMap":{"0":{"name":"(anonymous_0)","decl":{"start":{"line":8,"column":17},"end":{"line":8,"column":18}},"loc":{"start":{"line":8,"column":37},"end":{"line":11,"column":1}},"line":8},"1":{"name":"(anonymous_1)","decl":{"start":{"line":19,"column":18},"end":{"line":19,"column":19}},"loc":{"start":{"line":19,"column":44},"end":{"line":21,"column":1}},"line":19}},"branchMap":{},"s":{"0":7,"1":7,"2":45,"3":36,"4":7,"5":14,"6":7},"f":{"0":45,"1":14},"b":{},"_coverageSchema":"1a1c01bbd47fc00a2c39e90264f33305004495a9","hash":"91602b116e276f3d4d434577d45893803b811b9c"}
}
