TN:
SF:backend\server.js
FN:57,(anonymous_0)
FN:60,(anonymous_1)
FN:63,(anonymous_2)
FN:66,(anonymous_3)
FN:69,(anonymous_4)
FN:72,(anonymous_5)
FN:75,(anonymous_6)
FN:80,(anonymous_7)
FN:91,(anonymous_8)
FN:104,(anonymous_9)
FNF:10
FNH:1
FNDA:0,(anonymous_0)
FNDA:0,(anonymous_1)
FNDA:0,(anonymous_2)
FNDA:0,(anonymous_3)
FNDA:0,(anonymous_4)
FNDA:0,(anonymous_5)
FNDA:0,(anonymous_6)
FNDA:0,(anonymous_7)
FNDA:0,(anonymous_8)
FNDA:2,(anonymous_9)
DA:1,2
DA:2,2
DA:3,2
DA:4,2
DA:5,2
DA:6,2
DA:7,2
DA:8,2
DA:10,2
DA:11,0
DA:12,0
DA:16,2
DA:17,2
DA:18,2
DA:19,2
DA:20,2
DA:21,2
DA:23,2
DA:24,2
DA:27,2
DA:28,2
DA:30,2
DA:35,2
DA:37,2
DA:38,2
DA:41,2
DA:42,2
DA:43,2
DA:46,2
DA:49,2
DA:50,2
DA:51,2
DA:52,2
DA:53,2
DA:54,2
DA:57,2
DA:58,0
DA:60,2
DA:61,0
DA:63,2
DA:64,0
DA:66,2
DA:67,0
DA:69,2
DA:70,0
DA:72,2
DA:73,0
DA:75,2
DA:76,0
DA:80,2
DA:81,0
DA:82,0
DA:84,0
DA:85,0
DA:87,0
DA:91,2
DA:92,0
DA:93,0
DA:95,0
DA:96,0
DA:98,0
DA:104,2
DA:105,2
DA:108,2
LF:64
LH:45
BRDA:10,0,0,0
BRDA:10,0,1,2
BRDA:10,1,0,2
BRDA:10,1,1,0
BRDA:10,1,2,0
BRDA:24,2,0,2
BRDA:24,2,1,0
BRDA:82,3,0,0
BRDA:82,3,1,0
BRDA:82,3,2,0
BRDA:82,3,3,0
BRDA:84,4,0,0
BRDA:84,4,1,0
BRDA:84,5,0,0
BRDA:84,5,1,0
BRDA:84,5,2,0
BRDA:96,6,0,0
BRDA:96,6,1,0
BRDA:98,7,0,0
BRDA:98,7,1,0
BRF:20
BRH:3
end_of_record
TN:
SF:backend\config\constants.js
FNF:0
FNH:0
DA:1,3
DA:9,3
DA:11,3
LF:3
LH:3
BRF:0
BRH:0
end_of_record
TN:
SF:backend\controllers\adminController.js
FN:13,(anonymous_0)
FN:22,(anonymous_1)
FN:24,(anonymous_2)
FN:34,(anonymous_3)
FN:53,(anonymous_4)
FNF:5
FNH:0
FNDA:0,(anonymous_0)
FNDA:0,(anonymous_1)
FNDA:0,(anonymous_2)
FNDA:0,(anonymous_3)
FNDA:0,(anonymous_4)
DA:1,2
DA:2,2
DA:3,2
DA:5,2
DA:6,2
DA:13,2
DA:14,0
DA:15,0
DA:16,0
DA:18,0
DA:19,0
DA:20,0
DA:22,0
DA:23,0
DA:24,0
DA:25,0
DA:29,0
DA:34,0
DA:43,0
DA:44,0
DA:53,2
DA:54,0
DA:55,0
DA:57,0
DA:58,0
DA:61,0
DA:62,0
DA:70,0
DA:71,0
DA:73,0
DA:75,0
DA:76,0
LF:32
LH:7
BRDA:57,0,0,0
BRDA:57,0,1,0
BRDA:57,1,0,0
BRDA:57,1,1,0
BRDA:57,1,2,0
BRDA:57,1,3,0
BRF:6
BRH:0
end_of_record
TN:
SF:backend\controllers\aiController.js
FN:11,(anonymous_0)
FN:54,(anonymous_1)
FN:58,(anonymous_2)
FNF:3
FNH:0
FNDA:0,(anonymous_0)
FNDA:0,(anonymous_1)
FNDA:0,(anonymous_2)
DA:1,2
DA:2,2
DA:4,2
DA:11,2
DA:12,0
DA:14,0
DA:15,0
DA:34,0
DA:35,0
DA:36,0
DA:37,0
DA:40,0
DA:41,0
DA:44,0
DA:45,0
DA:54,2
DA:55,0
DA:56,0
DA:57,0
DA:58,0
DA:60,0
DA:61,0
DA:64,0
DA:66,0
DA:68,0
DA:87,0
DA:88,0
DA:89,0
DA:90,0
DA:93,0
DA:94,0
DA:97,0
DA:98,0
LF:33
LH:5
BRDA:34,0,0,0
BRDA:34,0,1,0
BRDA:60,1,0,0
BRDA:60,1,1,0
BRDA:60,2,0,0
BRDA:60,2,1,0
BRDA:87,3,0,0
BRDA:87,3,1,0
BRF:8
BRH:0
end_of_record
TN:
SF:backend\controllers\authController.js
FN:15,(anonymous_0)
FN:26,(anonymous_1)
FN:59,(anonymous_2)
FN:64,(anonymous_3)
FN:89,(anonymous_4)
FN:92,(anonymous_5)
FNF:6
FNH:6
FNDA:2,(anonymous_0)
FNDA:2,(anonymous_1)
FNDA:3,(anonymous_2)
FNDA:3,(anonymous_3)
FNDA:1,(anonymous_4)
FNDA:1,(anonymous_5)
DA:1,2
DA:2,2
DA:3,2
DA:4,2
DA:5,2
DA:6,2
DA:8,2
DA:15,2
DA:16,2
DA:17,2
DA:19,2
DA:20,0
DA:23,2
DA:26,2
DA:27,1
DA:30,1
DA:32,1
DA:42,1
DA:43,1
DA:45,1
DA:47,1
DA:49,0
DA:50,0
DA:59,2
DA:60,3
DA:61,3
DA:63,3
DA:64,3
DA:66,3
DA:67,0
DA:70,3
DA:71,3
DA:72,1
DA:75,2
DA:77,2
DA:79,0
DA:80,0
DA:89,2
DA:90,1
DA:91,1
DA:92,1
DA:93,1
DA:96,1
DA:97,1
DA:99,0
DA:100,0
LF:46
LH:38
BRDA:19,0,0,0
BRDA:19,0,1,2
BRDA:19,1,0,2
BRDA:19,1,1,2
BRDA:19,1,2,2
BRDA:26,2,0,1
BRDA:26,2,1,1
BRDA:45,3,0,1
BRDA:45,3,1,0
BRDA:66,4,0,0
BRDA:66,4,1,3
BRDA:71,5,0,1
BRDA:71,5,1,2
BRDA:75,6,0,2
BRDA:75,6,1,0
BRDA:93,7,0,0
BRDA:93,7,1,1
BRF:17
BRH:12
end_of_record
TN:
SF:backend\controllers\calculatorController.js
FN:14,(anonymous_0)
FN:37,(anonymous_1)
FN:40,(anonymous_2)
FNF:3
FNH:3
FNDA:8,(anonymous_0)
FNDA:35,(anonymous_1)
FNDA:7,(anonymous_2)
DA:1,3
DA:2,3
DA:3,3
DA:4,3
DA:5,3
DA:7,3
DA:14,3
DA:15,8
DA:16,8
DA:17,8
DA:20,8
DA:21,8
DA:22,36
DA:23,12
DA:24,1
DA:29,7
DA:37,35
DA:39,7
DA:40,7
DA:42,7
DA:44,7
DA:52,7
DA:56,7
DA:57,7
DA:58,5
DA:60,7
DA:62,7
DA:63,7
DA:65,7
DA:66,7
DA:68,7
DA:76,0
DA:77,0
LF:33
LH:31
BRDA:22,0,0,12
BRDA:22,0,1,24
BRDA:22,1,0,36
BRDA:22,1,1,12
BRDA:23,2,0,1
BRDA:23,2,1,11
BRDA:23,3,0,12
BRDA:23,3,1,12
BRDA:30,4,0,7
BRDA:30,4,1,5
BRDA:31,5,0,7
BRDA:31,5,1,5
BRDA:32,6,0,7
BRDA:32,6,1,5
BRDA:33,7,0,7
BRDA:33,7,1,5
BRDA:34,8,0,7
BRDA:34,8,1,5
BRDA:42,9,0,0
BRDA:42,9,1,7
BRDA:57,10,0,2
BRDA:57,10,1,5
BRDA:58,11,0,3
BRDA:58,11,1,2
BRF:24
BRH:23
end_of_record
TN:
SF:backend\controllers\challengeController.js
FN:13,(anonymous_0)
FN:28,(anonymous_1)
FN:34,(anonymous_2)
FN:39,(anonymous_3)
FNF:4
FNH:4
FNDA:1,(anonymous_0)
FNDA:2,(anonymous_1)
FNDA:3,(anonymous_2)
FNDA:2,(anonymous_3)
DA:1,2
DA:2,2
DA:3,2
DA:5,2
DA:6,2
DA:13,2
DA:14,1
DA:15,1
DA:16,1
DA:18,0
DA:19,0
DA:28,2
DA:29,2
DA:30,2
DA:31,2
DA:33,2
DA:34,3
DA:36,2
DA:38,2
DA:39,2
DA:41,2
DA:44,2
DA:45,1
DA:48,1
DA:49,1
DA:51,1
DA:52,1
DA:54,1
DA:56,0
DA:57,0
LF:30
LH:26
BRDA:36,0,0,0
BRDA:36,0,1,2
BRDA:41,1,0,0
BRDA:41,1,1,2
BRDA:44,2,0,1
BRDA:44,2,1,1
BRF:6
BRH:4
end_of_record
TN:
SF:backend\controllers\leaderboardController.js
FN:11,(anonymous_0)
FN:21,(anonymous_1)
FN:31,(anonymous_2)
FN:34,(anonymous_3)
FNF:4
FNH:1
FNDA:8,(anonymous_0)
FNDA:0,(anonymous_1)
FNDA:0,(anonymous_2)
FNDA:0,(anonymous_3)
DA:1,3
DA:2,3
DA:4,3
DA:6,3
DA:11,3
DA:12,8
DA:13,8
DA:21,3
DA:22,0
DA:23,0
DA:24,0
DA:25,0
DA:28,0
DA:31,0
DA:34,0
DA:40,0
DA:41,0
DA:43,0
DA:45,0
DA:46,0
LF:20
LH:8
BRDA:24,0,0,0
BRDA:24,0,1,0
BRDA:24,1,0,0
BRDA:24,1,1,0
BRF:4
BRH:0
end_of_record
TN:
SF:backend\middleware\authMiddleware.js
FN:3,(anonymous_0)
FNF:1
FNH:1
FNDA:5,(anonymous_0)
DA:1,2
DA:3,2
DA:4,5
DA:5,5
DA:6,1
DA:9,4
DA:10,4
DA:11,4
DA:12,4
DA:13,4
DA:15,0
DA:16,0
DA:18,0
DA:22,2
LF:14
LH:11
BRDA:5,0,0,1
BRDA:5,0,1,4
BRDA:5,1,0,5
BRDA:5,1,1,4
BRDA:11,2,0,4
BRDA:11,2,1,0
BRDA:15,3,0,0
BRDA:15,3,1,0
BRF:8
BRH:5
end_of_record
TN:
SF:backend\routes\adminRoutes.js
FNF:0
FNH:0
DA:1,2
DA:2,2
DA:3,2
DA:4,2
DA:7,2
DA:8,2
DA:10,2
LF:7
LH:7
BRF:0
BRH:0
end_of_record
TN:
SF:backend\routes\aiRoutes.js
FNF:0
FNH:0
DA:1,2
DA:2,2
DA:3,2
DA:4,2
DA:6,2
DA:7,2
DA:9,2
LF:7
LH:7
BRF:0
BRH:0
end_of_record
TN:
SF:backend\routes\authRoutes.js
FN:7,(anonymous_0)
FNF:1
FNH:1
FNDA:6,(anonymous_0)
DA:1,2
DA:2,2
DA:3,2
DA:4,2
DA:5,2
DA:7,2
DA:8,6
DA:9,6
DA:10,1
DA:12,5
DA:15,2
DA:22,2
DA:28,2
DA:30,2
LF:14
LH:14
BRDA:9,0,0,1
BRDA:9,0,1,5
BRF:2
BRH:2
end_of_record
TN:
SF:backend\routes\calculatorRoutes.js
FNF:0
FNH:0
DA:1,2
DA:2,2
DA:3,2
DA:4,2
DA:6,2
DA:8,2
LF:6
LH:6
BRF:0
BRH:0
end_of_record
TN:
SF:backend\routes\challengeRoutes.js
FNF:0
FNH:0
DA:1,2
DA:2,2
DA:3,2
DA:4,2
DA:6,2
DA:7,2
DA:9,2
LF:7
LH:7
BRF:0
BRH:0
end_of_record
TN:
SF:backend\routes\leaderboardRoutes.js
FNF:0
FNH:0
DA:1,2
DA:2,2
DA:3,2
DA:5,2
DA:7,2
LF:5
LH:5
BRF:0
BRH:0
end_of_record
TN:
SF:backend\utils\fileHelpers.js
FN:8,(anonymous_0)
FN:19,(anonymous_1)
FNF:2
FNH:2
FNDA:18,(anonymous_0)
FNDA:9,(anonymous_1)
DA:1,3
DA:8,3
DA:9,18
DA:10,18
DA:19,3
DA:20,9
DA:23,3
LF:7
LH:7
BRF:0
BRH:0
end_of_record
