TN:
SF:backend\server.js
FN:78,(anonymous_0)
FN:95,(anonymous_1)
FN:120,(anonymous_2)
FN:123,(anonymous_3)
FN:126,(anonymous_4)
FN:129,(anonymous_5)
FN:132,(anonymous_6)
FN:135,(anonymous_7)
FN:138,(anonymous_8)
FN:143,(anonymous_9)
FN:154,(anonymous_10)
FN:167,(anonymous_11)
FNF:12
FNH:4
FNDA:146,(anonymous_0)
FNDA:40,(anonymous_1)
FNDA:0,(anonymous_2)
FNDA:0,(anonymous_3)
FNDA:0,(anonymous_4)
FNDA:0,(anonymous_5)
FNDA:0,(anonymous_6)
FNDA:0,(anonymous_7)
FNDA:0,(anonymous_8)
FNDA:2,(anonymous_9)
FNDA:0,(anonymous_10)
FNDA:6,(anonymous_11)
DA:1,6
DA:2,6
DA:3,6
DA:4,6
DA:5,6
DA:6,6
DA:7,6
DA:8,6
DA:9,6
DA:10,6
DA:12,6
DA:13,0
DA:14,0
DA:18,6
DA:19,6
DA:20,6
DA:21,6
DA:22,6
DA:23,6
DA:25,6
DA:26,6
DA:29,6
DA:32,6
DA:46,6
DA:49,6
DA:54,6
DA:57,6
DA:62,6
DA:63,6
DA:66,6
DA:72,6
DA:75,6
DA:78,6
DA:79,146
DA:80,25
DA:82,121
DA:83,0
DA:85,121
DA:86,94
DA:87,94
DA:88,26
DA:90,94
DA:92,27
DA:95,6
DA:96,40
DA:97,40
DA:98,40
DA:99,40
DA:104,6
DA:105,6
DA:106,6
DA:109,6
DA:112,6
DA:113,6
DA:114,6
DA:115,6
DA:116,6
DA:117,6
DA:120,6
DA:121,0
DA:123,6
DA:124,0
DA:126,6
DA:127,0
DA:129,6
DA:130,0
DA:132,6
DA:133,0
DA:135,6
DA:136,0
DA:138,6
DA:139,0
DA:143,6
DA:144,2
DA:145,2
DA:147,2
DA:148,1
DA:150,1
DA:154,6
DA:155,0
DA:156,0
DA:158,0
DA:159,0
DA:161,0
DA:167,6
DA:168,6
DA:171,6
LF:87
LH:72
BRDA:12,0,0,0
BRDA:12,0,1,6
BRDA:12,1,0,6
BRDA:12,1,1,0
BRDA:12,1,2,0
BRDA:26,2,0,6
BRDA:26,2,1,0
BRDA:79,3,0,25
BRDA:79,3,1,121
BRDA:82,4,0,0
BRDA:82,4,1,121
BRDA:85,5,0,94
BRDA:85,5,1,27
BRDA:85,6,0,121
BRDA:85,6,1,94
BRDA:145,7,0,2
BRDA:145,7,1,2
BRDA:145,7,2,2
BRDA:145,7,3,2
BRDA:147,8,0,1
BRDA:147,8,1,1
BRDA:147,9,0,2
BRDA:147,9,1,2
BRDA:147,9,2,1
BRDA:159,10,0,0
BRDA:159,10,1,0
BRDA:161,11,0,0
BRDA:161,11,1,0
BRF:28
BRH:19
end_of_record
TN:
SF:backend\config\constants.js
FNF:0
FNH:0
DA:1,7
DA:9,7
DA:10,7
DA:11,7
DA:13,7
LF:5
LH:5
BRF:0
BRH:0
end_of_record
TN:
SF:backend\controllers\adminController.js
FN:17,(anonymous_0)
FN:27,(anonymous_1)
FN:42,(anonymous_2)
FN:44,(anonymous_3)
FN:54,(anonymous_4)
FN:79,(anonymous_5)
FNF:6
FNH:6
FNDA:14,(anonymous_0)
FNDA:4,(anonymous_1)
FNDA:2,(anonymous_2)
FNDA:3,(anonymous_3)
FNDA:2,(anonymous_4)
FNDA:3,(anonymous_5)
DA:1,7
DA:2,7
DA:3,7
DA:5,7
DA:6,7
DA:9,7
DA:17,7
DA:18,14
DA:19,14
DA:27,7
DA:28,4
DA:29,4
DA:31,4
DA:32,1
DA:35,3
DA:36,2
DA:38,2
DA:39,2
DA:40,2
DA:42,2
DA:43,2
DA:44,2
DA:45,3
DA:49,2
DA:54,2
DA:63,2
DA:64,2
DA:66,2
DA:68,1
DA:69,1
DA:79,7
DA:80,3
DA:81,3
DA:83,3
DA:84,1
DA:87,2
DA:88,1
DA:96,1
DA:97,1
DA:98,1
DA:100,1
DA:102,1
DA:103,1
DA:107,7
LF:44
LH:44
BRDA:31,0,0,1
BRDA:31,0,1,3
BRDA:31,1,0,4
BRDA:31,1,1,1
BRDA:83,2,0,1
BRDA:83,2,1,2
BRDA:83,3,0,3
BRDA:83,3,1,3
BRDA:83,3,2,3
BRDA:83,3,3,2
BRF:10
BRH:10
end_of_record
TN:
SF:backend\controllers\aiController.js
FN:11,(anonymous_0)
FN:54,(anonymous_1)
FN:58,(anonymous_2)
FNF:3
FNH:3
FNDA:3,(anonymous_0)
FNDA:4,(anonymous_1)
FNDA:4,(anonymous_2)
DA:1,6
DA:2,6
DA:4,6
DA:11,6
DA:12,3
DA:14,3
DA:15,3
DA:34,2
DA:35,1
DA:36,1
DA:37,1
DA:40,1
DA:41,1
DA:44,1
DA:45,1
DA:54,6
DA:55,4
DA:56,4
DA:57,4
DA:58,4
DA:60,4
DA:61,1
DA:64,3
DA:66,3
DA:68,3
DA:87,2
DA:88,1
DA:89,1
DA:90,1
DA:93,1
DA:94,1
DA:97,1
DA:98,1
LF:33
LH:33
BRDA:34,0,0,1
BRDA:34,0,1,1
BRDA:60,1,0,1
BRDA:60,1,1,3
BRDA:60,2,0,4
BRDA:60,2,1,4
BRDA:87,3,0,1
BRDA:87,3,1,1
BRF:8
BRH:8
end_of_record
TN:
SF:backend\controllers\authController.js
FN:15,(anonymous_0)
FN:26,(anonymous_1)
FN:59,(anonymous_2)
FN:64,(anonymous_3)
FN:89,(anonymous_4)
FN:92,(anonymous_5)
FNF:6
FNH:6
FNDA:4,(anonymous_0)
FNDA:2,(anonymous_1)
FNDA:5,(anonymous_2)
FNDA:4,(anonymous_3)
FNDA:2,(anonymous_4)
FNDA:1,(anonymous_5)
DA:1,6
DA:2,6
DA:3,6
DA:4,6
DA:5,6
DA:6,6
DA:8,6
DA:15,6
DA:16,4
DA:17,4
DA:19,4
DA:20,1
DA:23,3
DA:26,2
DA:27,1
DA:30,1
DA:32,1
DA:42,1
DA:43,1
DA:45,1
DA:47,1
DA:49,1
DA:50,1
DA:59,6
DA:60,5
DA:61,5
DA:63,5
DA:64,4
DA:66,4
DA:67,1
DA:70,3
DA:71,3
DA:72,1
DA:75,2
DA:77,2
DA:79,1
DA:80,1
DA:89,6
DA:90,2
DA:91,2
DA:92,1
DA:93,1
DA:96,1
DA:97,1
DA:99,1
DA:100,1
LF:46
LH:46
BRDA:19,0,0,1
BRDA:19,0,1,3
BRDA:19,1,0,4
BRDA:19,1,1,3
BRDA:19,1,2,3
BRDA:26,2,0,1
BRDA:26,2,1,1
BRDA:45,3,0,1
BRDA:45,3,1,0
BRDA:66,4,0,1
BRDA:66,4,1,3
BRDA:71,5,0,1
BRDA:71,5,1,2
BRDA:75,6,0,2
BRDA:75,6,1,0
BRDA:93,7,0,0
BRDA:93,7,1,1
BRF:17
BRH:14
end_of_record
TN:
SF:backend\controllers\calculatorController.js
FN:15,(anonymous_0)
FN:38,(anonymous_1)
FN:41,(anonymous_2)
FNF:3
FNH:3
FNDA:13,(anonymous_0)
FNDA:60,(anonymous_1)
FNDA:11,(anonymous_2)
DA:1,7
DA:2,7
DA:3,7
DA:4,7
DA:5,7
DA:6,7
DA:8,7
DA:15,7
DA:16,13
DA:17,13
DA:18,13
DA:21,13
DA:22,13
DA:23,61
DA:24,16
DA:25,1
DA:30,12
DA:38,60
DA:40,12
DA:41,11
DA:43,11
DA:45,11
DA:53,11
DA:57,11
DA:58,11
DA:59,6
DA:61,11
DA:63,11
DA:64,11
DA:66,11
DA:67,11
DA:68,11
DA:70,11
DA:78,1
DA:79,1
LF:35
LH:35
BRDA:23,0,0,16
BRDA:23,0,1,45
BRDA:23,1,0,61
BRDA:23,1,1,16
BRDA:24,2,0,1
BRDA:24,2,1,15
BRDA:24,3,0,16
BRDA:24,3,1,16
BRDA:31,4,0,12
BRDA:31,4,1,6
BRDA:32,5,0,12
BRDA:32,5,1,10
BRDA:33,6,0,12
BRDA:33,6,1,10
BRDA:34,7,0,12
BRDA:34,7,1,10
BRDA:35,8,0,12
BRDA:35,8,1,10
BRDA:43,9,0,0
BRDA:43,9,1,11
BRDA:58,10,0,5
BRDA:58,10,1,6
BRDA:59,11,0,3
BRDA:59,11,1,3
BRF:24
BRH:23
end_of_record
TN:
SF:backend\controllers\challengeController.js
FN:14,(anonymous_0)
FN:29,(anonymous_1)
FN:35,(anonymous_2)
FN:40,(anonymous_3)
FNF:4
FNH:4
FNDA:2,(anonymous_0)
FNDA:3,(anonymous_1)
FNDA:3,(anonymous_2)
FNDA:2,(anonymous_3)
DA:1,6
DA:2,6
DA:3,6
DA:4,6
DA:6,6
DA:7,6
DA:14,6
DA:15,2
DA:16,2
DA:17,1
DA:19,1
DA:20,1
DA:29,6
DA:30,3
DA:31,3
DA:32,3
DA:34,3
DA:35,3
DA:37,2
DA:39,2
DA:40,2
DA:42,2
DA:45,2
DA:46,1
DA:49,1
DA:50,1
DA:52,1
DA:53,1
DA:54,1
DA:56,1
DA:58,1
DA:59,1
LF:32
LH:32
BRDA:37,0,0,0
BRDA:37,0,1,2
BRDA:42,1,0,0
BRDA:42,1,1,2
BRDA:45,2,0,1
BRDA:45,2,1,1
BRF:6
BRH:4
end_of_record
TN:
SF:backend\controllers\leaderboardController.js
FN:11,(anonymous_0)
FN:21,(anonymous_1)
FN:31,(anonymous_2)
FN:34,(anonymous_3)
FNF:4
FNH:4
FNDA:17,(anonymous_0)
FNDA:6,(anonymous_1)
FNDA:56,(anonymous_2)
FNDA:40,(anonymous_3)
DA:1,7
DA:2,7
DA:4,7
DA:6,7
DA:11,7
DA:12,17
DA:13,17
DA:21,7
DA:22,6
DA:23,6
DA:24,6
DA:25,1
DA:28,5
DA:31,56
DA:34,40
DA:40,4
DA:41,4
DA:43,4
DA:45,1
DA:46,1
LF:20
LH:20
BRDA:24,0,0,1
BRDA:24,0,1,5
BRDA:24,1,0,6
BRDA:24,1,1,1
BRF:4
BRH:4
end_of_record
TN:
SF:backend\middleware\authMiddleware.js
FN:3,(anonymous_0)
FNF:1
FNH:1
FNDA:19,(anonymous_0)
DA:1,6
DA:3,6
DA:4,19
DA:5,19
DA:6,1
DA:9,18
DA:10,18
DA:11,18
DA:12,16
DA:13,16
DA:15,2
DA:16,1
DA:18,1
DA:22,6
LF:14
LH:14
BRDA:5,0,0,1
BRDA:5,0,1,18
BRDA:5,1,0,19
BRDA:5,1,1,18
BRDA:11,2,0,18
BRDA:11,2,1,0
BRDA:15,3,0,1
BRDA:15,3,1,1
BRF:8
BRH:7
end_of_record
TN:
SF:backend\routes\adminRoutes.js
FNF:0
FNH:0
DA:1,6
DA:2,6
DA:3,6
DA:4,6
DA:7,6
DA:8,6
DA:10,6
LF:7
LH:7
BRF:0
BRH:0
end_of_record
TN:
SF:backend\routes\aiRoutes.js
FNF:0
FNH:0
DA:1,6
DA:2,6
DA:3,6
DA:4,6
DA:6,6
DA:7,6
DA:9,6
LF:7
LH:7
BRF:0
BRH:0
end_of_record
TN:
SF:backend\routes\authRoutes.js
FN:7,(anonymous_0)
FNF:1
FNH:1
FNDA:7,(anonymous_0)
DA:1,6
DA:2,6
DA:3,6
DA:4,6
DA:5,6
DA:7,6
DA:8,7
DA:9,7
DA:10,1
DA:12,6
DA:15,6
DA:22,6
DA:28,6
DA:30,6
LF:14
LH:14
BRDA:9,0,0,1
BRDA:9,0,1,6
BRF:2
BRH:2
end_of_record
TN:
SF:backend\routes\calculatorRoutes.js
FNF:0
FNH:0
DA:1,6
DA:2,6
DA:3,6
DA:4,6
DA:6,6
DA:8,6
LF:6
LH:6
BRF:0
BRH:0
end_of_record
TN:
SF:backend\routes\challengeRoutes.js
FNF:0
FNH:0
DA:1,6
DA:2,6
DA:3,6
DA:4,6
DA:6,6
DA:7,6
DA:9,6
LF:7
LH:7
BRF:0
BRH:0
end_of_record
TN:
SF:backend\routes\leaderboardRoutes.js
FNF:0
FNH:0
DA:1,6
DA:2,6
DA:3,6
DA:5,6
DA:7,6
LF:5
LH:5
BRF:0
BRH:0
end_of_record
TN:
SF:backend\utils\fileHelpers.js
FN:8,(anonymous_0)
FN:19,(anonymous_1)
FNF:2
FNH:2
FNDA:45,(anonymous_0)
FNDA:14,(anonymous_1)
DA:1,7
DA:8,7
DA:9,45
DA:10,36
DA:19,7
DA:20,14
DA:23,7
LF:7
LH:7
BRF:0
BRH:0
end_of_record
